0 info it worked if it ends with ok
1 verbose cli [ '/usr/local/bin/node', '/usr/local/bin/npm', 'start' ]
2 info using npm@3.10.8
3 info using node@v7.0.0
4 verbose run-script [ 'prestart', 'start', 'poststart' ]
5 info lifecycle checkout@0.0.0~prestart: checkout@0.0.0
6 silly lifecycle checkout@0.0.0~prestart: no script for prestart, continuing
7 info lifecycle checkout@0.0.0~start: checkout@0.0.0
8 verbose lifecycle checkout@0.0.0~start: unsafe-perm in lifecycle true
9 verbose lifecycle checkout@0.0.0~start: PATH: /Library/PostgreSQL/9.5/lib/libssl.1.0.0.dylib/node_modules/npm/bin/node-gyp-bin:/Users/sungchi/Development/checkout/checkout/node_modules/.bin:/Applications/Postgres.app/Contents/Versions/latest/bin:/opt/local/bin:/opt/local/sbin:/Library/Frameworks/Python.framework/Versions/2.7/bin:/usr/local/bin:/usr/bin:/bin:/usr/sbin:/sbin:/Applications/Postgres.app/Contents/Versions/latest/bin:/Users/sungchi/development/apache-maven-2.2.1/bin
10 verbose lifecycle checkout@0.0.0~start: CWD: /Users/sungchi/Development/checkout/checkout
11 silly lifecycle checkout@0.0.0~start: Args: [ '-c', 'node ./bin/www' ]
12 silly lifecycle checkout@0.0.0~start: Returned: code: 1  signal: null
13 info lifecycle checkout@0.0.0~start: Failed to exec start script
14 verbose stack Error: checkout@0.0.0 start: `node ./bin/www`
14 verbose stack Exit status 1
14 verbose stack     at EventEmitter.<anonymous> (/Library/PostgreSQL/9.5/lib/libssl.1.0.0.dylib/node_modules/npm/lib/utils/lifecycle.js:255:16)
14 verbose stack     at emitTwo (events.js:106:13)
14 verbose stack     at EventEmitter.emit (events.js:191:7)
14 verbose stack     at ChildProcess.<anonymous> (/Library/PostgreSQL/9.5/lib/libssl.1.0.0.dylib/node_modules/npm/lib/utils/spawn.js:40:14)
14 verbose stack     at emitTwo (events.js:106:13)
14 verbose stack     at ChildProcess.emit (events.js:191:7)
14 verbose stack     at maybeClose (internal/child_process.js:877:16)
14 verbose stack     at Process.ChildProcess._handle.onexit (internal/child_process.js:226:5)
15 verbose pkgid checkout@0.0.0
16 verbose cwd /Users/sungchi/Development/checkout/checkout
17 error Darwin 16.0.0
18 error argv "/usr/local/bin/node" "/usr/local/bin/npm" "start"
19 error node v7.0.0
20 error npm  v3.10.8
21 error code ELIFECYCLE
22 error checkout@0.0.0 start: `node ./bin/www`
22 error Exit status 1
23 error Failed at the checkout@0.0.0 start script 'node ./bin/www'.
23 error Make sure you have the latest version of node.js and npm installed.
23 error If you do, this is most likely a problem with the checkout package,
23 error not with npm itself.
23 error Tell the author that this fails on your system:
23 error     node ./bin/www
23 error You can get information on how to open an issue for this project with:
23 error     npm bugs checkout
23 error Or if that isn't available, you can get their info via:
23 error     npm owner ls checkout
23 error There is likely additional logging output above.
24 verbose exit [ 1, true ]
